[1130/150745.378:ERROR:directory_reader_win.cc(43)] FindFirstFile: The system cannot find the path specified. (0x3)
[1201/153942.029:ERROR:directory_reader_win.cc(43)] FindFirstFile: The system cannot find the path specified. (0x3)
[1203/172600.234:ERROR:directory_reader_win.cc(43)] FindFirstFile: The system cannot find the path specified. (0x3)
[1204/211540.083:ERROR:process_reader_win.cc(151)] SuspendThread: Access is denied. (0x5)
[1204/211540.077:ERROR:process_reader_win.cc(151)] SuspendThread: Access is denied. (0x5)
[1204/211540.234:ERROR:process_reader_win.cc(151)] SuspendThread: Access is denied. (0x5)
[1204/211540.234:ERROR:process_reader_win.cc(151)] SuspendThread: Access is denied. (0x5)
[1204/211540.234:ERROR:process_reader_win.cc(151)] SuspendThread: Access is denied. (0x5)
[1204/211540.234:ERROR:process_reader_win.cc(151)] SuspendThread: Access is denied. (0x5)
[1204/211540.077:ERROR:process_reader_win.cc(151)] SuspendThread: Access is denied. (0x5)
[1204/211540.235:ERROR:process_reader_win.cc(151)] SuspendThread: Access is denied. (0x5)
[1204/211540.235:ERROR:process_reader_win.cc(151)] SuspendThread: Access is denied. (0x5)
[1204/211540.235:ERROR:process_reader_win.cc(151)] SuspendThread: Access is denied. (0x5)
[1204/211540.235:ERROR:process_reader_win.cc(151)] SuspendThread: Access is denied. (0x5)
[1204/211540.235:ERROR:process_reader_win.cc(151)] SuspendThread: Access is denied. (0x5)
[1204/211540.235:ERROR:process_reader_win.cc(151)] SuspendThread: Access is denied. (0x5)
[1204/211540.235:ERROR:process_reader_win.cc(151)] SuspendThread: Access is denied. (0x5)
[1204/211540.235:ERROR:process_reader_win.cc(151)] SuspendThread: Access is denied. (0x5)
[1204/211540.235:ERROR:process_reader_win.cc(151)] SuspendThread: Access is denied. (0x5)
[1204/211540.235:ERROR:process_reader_win.cc(151)] SuspendThread: Access is denied. (0x5)
[1204/211540.235:ERROR:process_reader_win.cc(151)] SuspendThread: Access is denied. (0x5)
[1204/211540.235:ERROR:process_reader_win.cc(151)] SuspendThread: Access is denied. (0x5)
[1204/211540.235:ERROR:process_reader_win.cc(151)] SuspendThread: Access is denied. (0x5)
[1204/211540.235:ERROR:process_reader_win.cc(151)] SuspendThread: Access is denied. (0x5)
[1204/211540.235:ERROR:process_reader_win.cc(151)] SuspendThread: Access is denied. (0x5)
[1204/211540.235:ERROR:process_reader_win.cc(151)] SuspendThread: Access is denied. (0x5)
[1204/211540.120:ERROR:process_reader_win.cc(123)] NtOpenThread: {Access Denied} A process has requested access to an object, but has not been granted those access rights. (0xc0000022)
[1204/211540.115:ERROR:process_reader_win.cc(123)] NtOpenThread: {Access Denied} A process has requested access to an object, but has not been granted those access rights. (0xc0000022)
[1204/211540.336:ERROR:exception_snapshot_win.cc(99)] thread ID 6176 not found in process
[1204/211540.235:ERROR:process_reader_win.cc(123)] NtOpenThread: {Access Denied} A process has requested access to an object, but has not been granted those access rights. (0xc0000022)
[1204/211540.336:ERROR:exception_snapshot_win.cc(99)] thread ID 7368 not found in process
[1204/211540.112:ERROR:process_reader_win.cc(123)] NtOpenThread: {Access Denied} A process has requested access to an object, but has not been granted those access rights. (0xc0000022)
[1204/211540.116:ERROR:process_reader_win.cc(123)] NtOpenThread: {Access Denied} A process has requested access to an object, but has not been granted those access rights. (0xc0000022)
[1204/211540.088:ERROR:process_reader_win.cc(123)] NtOpenThread: {Access Denied} A process has requested access to an object, but has not been granted those access rights. (0xc0000022)
[1204/211540.336:ERROR:exception_snapshot_win.cc(99)] thread ID 2156 not found in process
[1204/211540.336:ERROR:exception_snapshot_win.cc(99)] thread ID 20120 not found in process
[1204/211540.336:ERROR:exception_snapshot_win.cc(99)] thread ID 7716 not found in process
[1204/211540.336:ERROR:exception_snapshot_win.cc(99)] thread ID 15928 not found in process
[1204/211540.235:ERROR:process_reader_win.cc(123)] NtOpenThread: {Access Denied} A process has requested access to an object, but has not been granted those access rights. (0xc0000022)
[1204/211540.081:ERROR:process_reader_win.cc(123)] NtOpenThread: {Access Denied} A process has requested access to an object, but has not been granted those access rights. (0xc0000022)
[1204/211540.337:ERROR:exception_snapshot_win.cc(99)] thread ID 14788 not found in process
[1204/211540.081:ERROR:process_reader_win.cc(123)] NtOpenThread: {Access Denied} A process has requested access to an object, but has not been granted those access rights. (0xc0000022)
[1204/211540.235:ERROR:process_reader_win.cc(123)] NtOpenThread: {Access Denied} A process has requested access to an object, but has not been granted those access rights. (0xc0000022)
[1204/211540.337:ERROR:exception_snapshot_win.cc(99)] thread ID 13280 not found in process
[1204/211540.117:ERROR:process_reader_win.cc(123)] NtOpenThread: {Access Denied} A process has requested access to an object, but has not been granted those access rights. (0xc0000022)
[1204/211540.337:ERROR:exception_snapshot_win.cc(99)] thread ID 11588 not found in process
[1204/211540.337:ERROR:exception_snapshot_win.cc(99)] thread ID 9928 not found in process
[1204/211540.338:ERROR:exception_snapshot_win.cc(99)] thread ID 9872 not found in process
[1204/211540.338:ERROR:scoped_process_suspend.cc(40)] NtResumeProcess: An attempt was made to access an exiting process. (0xc000010a)
